#
# A fatal error has been detected by the Java Runtime Environment:
#
#  EXCEPTION_ACCESS_VIOLATION (0xc0000005) at pc=0x00007ffc06a1a4a3, pid=35800, tid=18292
#
# JRE version:  (11.0.12+8) (build )
# Java VM: Java HotSpot(TM) 64-Bit Server VM (11.0.12+8-LTS-237, mixed mode, sharing, tiered, compressed oops, parallel gc, windows-amd64)
# Problematic frame:
# V  [jvm.dll+0x1ca4a3]
#
# No core dump will be written. Minidumps are not enabled by default on client versions of Windows
#
#

---------------  S U M M A R Y ------------

Command Line: --add-modules=ALL-SYSTEM --add-opens=java.base/java.util=ALL-UNNAMED --add-opens=java.base/java.lang=ALL-UNNAMED --add-opens=java.base/sun.nio.fs=ALL-UNNAMED -Declipse.application=org.eclipse.jdt.ls.core.id1 -Dosgi.bundles.defaultStartLevel=4 -Declipse.product=org.eclipse.jdt.ls.core.product -Djava.import.generatesMetadataFilesAtProjectRoot=false -Dfile.encoding=utf8 -DwatchParentProcess=false -XX:+UseParallelGC -XX:GCTimeRatio=4 -XX:AdaptiveSizePolicyWeight=90 -Dsun.zip.disableMemoryMapping=true -Xmx1G -Xms100m -Xverify:none c:\Users\cyril\.vscode\extensions\redhat.java-1.5.0-win32-ia32\server\plugins\org.eclipse.equinox.launcher_1.6.400.v20210924-0641.jar -configuration c:\Users\cyril\AppData\Roaming\Code\User\globalStorage\redhat.java\1.5.0\config_ss_win -data c:\Users\cyril\AppData\Roaming\Code\User\workspaceStorage\e1b642913378c05a445b18078f7dbb95\redhat.java\ss_ws

Host: Intel(R) Core(TM) i5-10300H CPU @ 2.50GHz, 8 cores, 7G,  Windows 10 , 64 bit Build 19041 (10.0.19041.1566)
Time: Wed Apr 13 18:37:10 2022 Eastern Daylight Time elapsed time: 0.027717 seconds (0d 0h 0m 0s)

---------------  T H R E A D  ---------------

Current thread (0x0000026bfe719800):  JavaThread "Unknown thread" [_thread_in_vm, id=18292, stack(0x000000ddedb00000,0x000000ddedc00000)]

Stack: [0x000000ddedb00000,0x000000ddedc00000],  sp=0x000000ddedbfebf0,  free space=1018k
Native frames: (J=compiled Java code, j=interpreted, Vv=VM code, C=native code)
V  [jvm.dll+0x1ca4a3]
V  [jvm.dll+0x1c86c3]
V  [jvm.dll+0x34c44b]
V  [jvm.dll+0x710400]
V  [jvm.dll+0x3b5baf]
V  [jvm.dll+0x3b7cb1]
C  [jli.dll+0x520b]
C  [ucrtbase.dll+0x21bb2]
C  [KERNEL32.DLL+0x17034]
C  [ntdll.dll+0x52651]


siginfo: EXCEPTION_ACCESS_VIOLATION (0xc0000005), reading address 0x0000000000000000


Registers:
RAX=0x00003d5f2dcbed31, RBX=0x0000000000000000, RCX=0x0000000000000000, RDX=0x0000026bfc4e8109
RSP=0x000000ddedbfebf0, RBP=0x0000000000000000, RSI=0x0000026bfe719800, RDI=0x0000000000000000
R8 =0x0000000000000000, R9 =0x00007ffc6681d0ac, R10=0x0000026bfc4e80d0, R11=0x000000ddedbfeaf0
R12=0x0000000000000000, R13=0x00007ffc06e15350, R14=0x0000026bfc510098, R15=0x000000ddedbff648
RIP=0x00007ffc06a1a4a3, EFLAGS=0x0000000000010256

Top of Stack: (sp=0x000000ddedbfebf0)
0x000000ddedbfebf0:   0000026bfc516ab0 00007ffc83cc32c0
0x000000ddedbfec00:   000000ddedbff648 0000026bfc510098
0x000000ddedbfec10:   0000000000000000 000000ddedbfee20
0x000000ddedbfec20:   0000b4e236aa1178 00007ffc06e15350
0x000000ddedbfec30:   0000000000000400 000000ddedbff648
0x000000ddedbfec40:   0000026bfc510098 00007ffc06e15350
0x000000ddedbfec50:   0000000000000000 00007ffc66810000
0x000000ddedbfec60:   00007ffc070859c0 0000000000000000
0x000000ddedbfec70:   00007ffc06a18567 00007ffc83c953dc
0x000000ddedbfec80:   0000000000000000 00007ffc06e8e1a3
0x000000ddedbfec90:   00003d5f2dcbed31 0000026bfc510098
0x000000ddedbfeca0:   00007ffc00000000 00007ffc06e15350
0x000000ddedbfecb0:   0000026bfe719800 000000ddedbfedd0
0x000000ddedbfecc0:   0000000000000000 00007ffc06a186c3
0x000000ddedbfecd0:   00007ffc75c10000 00007ffc6681d0ac
0x000000ddedbfece0:   000000ddedbfedd0 0000026bfe719800 

Instructions: (pc=0x00007ffc06a1a4a3)
0x00007ffc06a1a483:   00 48 33 c4 48 89 84 24 a0 00 00 00 48 8b e9 48
0x00007ffc06a1a493:   c7 c3 ff ff ff ff 0f 1f 80 00 00 00 00 48 ff c3
0x00007ffc06a1a4a3:   80 3c 0b 00 75 f7 33 f6 c6 44 24 30 01 40 38 35
0x00007ffc06a1a4b3:   83 3b 86 00 74 17 40 38 35 c0 a1 85 00 75 0e 33 



---------------  P R O C E S S  ---------------

Threads class SMR info:
_java_thread_list=0x0000026bfc50fc90, length=0, elements={
}

Java Threads: ( => current thread )

Other Threads:

=>0x0000026bfe719800 (exited) JavaThread "Unknown thread" [_thread_in_vm, id=18292, stack(0x000000ddedb00000,0x000000ddedc00000)]

Threads with active compile tasks:

VM state:not at safepoint (not fully initialized)

VM Mutex/Monitor currently owned by a thread: None


[error occurred during error reporting (printing compressed oops mode), id 0xc0000005, EXCEPTION_ACCESS_VIOLATION (0xc0000005) at pc=0x00007ffc06f7b867]

Deoptimization events (0 events):
No events

Classes redefined (0 events):
No events

Internal exceptions (0 events):
No events

Events (0 events):
No events


Dynamic libraries:
0x00007ff6c1340000 - 0x00007ff6c134f000 	C:\Program Files\Java\jdk-11.0.12\bin\java.exe
0x00007ffc86570000 - 0x00007ffc86765000 	C:\Windows\SYSTEM32\ntdll.dll
0x00007ffc84d30000 - 0x00007ffc84dee000 	C:\Windows\System32\KERNEL32.DLL
0x00007ffc83c90000 - 0x00007ffc83f58000 	C:\Windows\System32\KERNELBASE.dll
0x00007ffc80da0000 - 0x00007ffc80e30000 	C:\Windows\SYSTEM32\apphelp.dll
0x00007ffc840a0000 - 0x00007ffc841a0000 	C:\Windows\System32\ucrtbase.dll
0x00007ffc781e0000 - 0x00007ffc781f5000 	C:\Program Files\Java\jdk-11.0.12\bin\VCRUNTIME140.dll
0x00007ffc75c30000 - 0x00007ffc75c48000 	C:\Program Files\Java\jdk-11.0.12\bin\jli.dll
0x00007ffc85a30000 - 0x00007ffc85ade000 	C:\Windows\System32\ADVAPI32.dll
0x00007ffc84c90000 - 0x00007ffc84d2e000 	C:\Windows\System32\msvcrt.dll
0x00007ffc84f80000 - 0x00007ffc8501c000 	C:\Windows\System32\sechost.dll
0x00007ffc84df0000 - 0x00007ffc84f15000 	C:\Windows\System32\RPCRT4.dll
0x00007ffc85890000 - 0x00007ffc85a30000 	C:\Windows\System32\USER32.dll
0x00007ffc7cf30000 - 0x00007ffc7d1ca000 	C:\Windows\WinSxS\amd64_microsoft.windows.common-controls_6595b64144ccf1df_6.0.19041.1110_none_60b5254171f9507e\COMCTL32.dll
0x00007ffc841a0000 - 0x00007ffc841c2000 	C:\Windows\System32\win32u.dll
0x00007ffc85740000 - 0x00007ffc8576b000 	C:\Windows\System32\GDI32.dll
0x00007ffc83f60000 - 0x00007ffc8406b000 	C:\Windows\System32\gdi32full.dll
0x00007ffc7d700000 - 0x00007ffc7d70a000 	C:\Windows\SYSTEM32\VERSION.dll
0x00007ffc844c0000 - 0x00007ffc8455d000 	C:\Windows\System32\msvcp_win.dll
0x00007ffc85700000 - 0x00007ffc85730000 	C:\Windows\System32\IMM32.DLL
0x00007ffc43f20000 - 0x00007ffc43fbb000 	C:\Program Files\Java\jdk-11.0.12\bin\msvcp140.dll
0x00007ffc06850000 - 0x00007ffc0734f000 	C:\Program Files\Java\jdk-11.0.12\bin\server\jvm.dll
0x00007ffc586d0000 - 0x00007ffc586d9000 	C:\Windows\SYSTEM32\WSOCK32.dll
0x00007ffc84680000 - 0x00007ffc84688000 	C:\Windows\System32\PSAPI.DLL
0x00007ffc85820000 - 0x00007ffc8588b000 	C:\Windows\System32\WS2_32.dll
0x00007ffc6c580000 - 0x00007ffc6c5a7000 	C:\Windows\SYSTEM32\WINMM.dll
0x00007ffc824f0000 - 0x00007ffc82502000 	C:\Windows\SYSTEM32\kernel.appcore.dll
0x00007ffc7e9a0000 - 0x00007ffc7e9b0000 	C:\Program Files\Java\jdk-11.0.12\bin\verify.dll
0x00007ffc819a0000 - 0x00007ffc81b84000 	C:\Windows\SYSTEM32\DBGHELP.DLL
0x00007ffc7bee0000 - 0x00007ffc7bf0c000 	C:\Windows\SYSTEM32\dbgcore.DLL
0x00007ffc843e0000 - 0x00007ffc84462000 	C:\Windows\System32\bcryptPrimitives.dll
0x00007ffc66810000 - 0x00007ffc66838000 	C:\Program Files\Java\jdk-11.0.12\bin\java.dll
0x00007ffc78c40000 - 0x00007ffc78c4a000 	C:\Program Files\Java\jdk-11.0.12\bin\jimage.dll
0x00007ffc75c10000 - 0x00007ffc75c26000 	C:\Program Files\Java\jdk-11.0.12\bin\zip.dll

dbghelp: loaded successfully - version: 4.0.5 - missing functions: none
symbol engine: initialized successfully - sym options: 0x614 - pdb path: .;C:\Program Files\Java\jdk-11.0.12\bin;C:\Windows\SYSTEM32;C:\Windows\WinSxS\amd64_microsoft.windows.common-controls_6595b64144ccf1df_6.0.19041.1110_none_60b5254171f9507e;C:\Program Files\Java\jdk-11.0.12\bin\server

VM Arguments:
jvm_args: --add-modules=ALL-SYSTEM --add-opens=java.base/java.util=ALL-UNNAMED --add-opens=java.base/java.lang=ALL-UNNAMED --add-opens=java.base/sun.nio.fs=ALL-UNNAMED -Declipse.application=org.eclipse.jdt.ls.core.id1 -Dosgi.bundles.defaultStartLevel=4 -Declipse.product=org.eclipse.jdt.ls.core.product -Djava.import.generatesMetadataFilesAtProjectRoot=false -Dfile.encoding=utf8 -DwatchParentProcess=false -XX:+UseParallelGC -XX:GCTimeRatio=4 -XX:AdaptiveSizePolicyWeight=90 -Dsun.zip.disableMemoryMapping=true -Xmx1G -Xms100m -Xverify:none 
java_command: c:\Users\cyril\.vscode\extensions\redhat.java-1.5.0-win32-ia32\server\plugins\org.eclipse.equinox.launcher_1.6.400.v20210924-0641.jar -configuration c:\Users\cyril\AppData\Roaming\Code\User\globalStorage\redhat.java\1.5.0\config_ss_win -data c:\Users\cyril\AppData\Roaming\Code\User\workspaceStorage\e1b642913378c05a445b18078f7dbb95\redhat.java\ss_ws
java_class_path (initial): c:\Users\cyril\.vscode\extensions\redhat.java-1.5.0-win32-ia32\server\plugins\org.eclipse.equinox.launcher_1.6.400.v20210924-0641.jar
Launcher Type: SUN_STANDARD

[Global flags]
    uintx AdaptiveSizePolicyWeight                 = 90                                        {product} {command line}
     bool BytecodeVerificationLocal                = false                                     {product} {command line}
     bool BytecodeVerificationRemote               = false                                     {product} {command line}
    uintx GCTimeRatio                              = 4                                         {product} {command line}
   size_t InitialHeapSize                          = 104857600                                 {product} {command line}
   size_t MaxHeapSize                              = 1073741824                                {product} {command line}
    uintx ReservedCodeCacheSize                    = 251658240                              {pd product} {ergonomic}
     bool SegmentedCodeCache                       = true                                      {product} {ergonomic}
     bool UseCompressedClassPointers               = true                                 {lp64_product} {ergonomic}
     bool UseCompressedOops                        = true                                 {lp64_product} {ergonomic}
     bool UseLargePagesIndividualAllocation        = false                                  {pd product} {ergonomic}
     bool UseParallelGC                            = true                                      {product} {command line}

Logging:
Log output configuration:
 #0: stdout all=warning uptime,level,tags
 #1: stderr all=off uptime,level,tags

Environment Variables:
PATH=C:\Program Files\Common Files\Oracle\Java\javapath;C:\Python39\Scripts\;C:\Python39\;C:\Program Files (x86)\Razer Chroma SDK\bin;C:\Program Files\Razer Chroma SDK\bin;C:\Program Files (x86)\Razer\ChromaBroadcast\bin;C:\Program Files\Razer\ChromaBroadcast\bin;C:\Windows\system32;C:\Windows;C:\Windows\System32\Wbem;C:\Windows\System32\WindowsPowerShell\v1.0\;C:\Windows\System32\OpenSSH\;C:\Program Files (x86)\NVIDIA Corporation\PhysX\Common;C:\Program Files\NVIDIA Corporation\NVIDIA NvDLISR;C:\Program Files\Git\cmd;C:\Windows\system32\config\systemprofile\AppData\Local\Microsoft\WindowsApps;C:\ProgramData\chocolatey\bin;C:\Users\cyril\AppData\Roaming\nvm;C:\Program Files\nodejs;C:\Program Files\Microsoft SQL Server\Client SDK\ODBC\170\Tools\Binn\;C:\Program Files (x86)\Microsoft SQL Server\150\Tools\Binn\;C:\Program Files\Microsoft SQL Server\150\Tools\Binn\;C:\Program Files\Microsoft SQL Server\150\DTS\Binn\;C:\Program Files\dotnet\;C:\Program Files\Microsoft SQL Server\130\Tools\Binn\;C:\Program Files (x86)\Microsoft SQL Server\150\DTS\Binn\;C:\Program Files\Azure Data Studio\bin;C:\Program Files\Docker\Docker\resources\bin;C:\ProgramData\DockerDesktop\version-bin;C:\Program Files\Java\jdk-11.0.12\bin;C:\Users\cyril\Documents\apache-maven-3.8.2\bin;C:\Users\cyril\AppData\Local\Microsoft\WindowsApps;C:\Users\cyril\AppData\Local\Programs\Microsoft VS Code\bin;C:\Users\cyril\AppData\Roaming\npm;C:\Users\cyril\AppData\Roaming\nvm;C:\Program Files\nodejs;C:\Users\cyril\.dotnet\tools;C:\Program Files\Azure Data Studio\bin;C:\Users\cyril\AppData\Local\GitHubDesktop\bin;
USERNAME=cyril
OS=Windows_NT
PROCESSOR_IDENTIFIER=Intel64 Family 6 Model 165 Stepping 2, GenuineIntel



---------------  S Y S T E M  ---------------

OS: Windows 10 , 64 bit Build 19041 (10.0.19041.1566)

CPU:total 8 (initial active 8) 

Memory: 4k page, system-wide physical 7979M (697M free)
TotalPageFile size 27747M (AvailPageFile size 12713M)
current process WorkingSet (physical memory assigned to process): 9M, peak: 9M
current process commit charge ("private bytes"): 3M, peak: 3M

vm_info: Java HotSpot(TM) 64-Bit Server VM (11.0.12+8-LTS-237) for windows-amd64 JRE (11.0.12+8-LTS-237), built on Jun  8 2021 11:25:59 by "mach5one" with MS VC++ 15.9 (VS2017)

END.
